{"level":"info","message":"Listening on port 3000..."}
{"level":"info","message":"Connected to mongodb://localhost/vidly-project..."}
{"level":"info","message":"Listening on port 3000..."}
{"level":"info","message":"Connected to mongodb://localhost/vidly_tests..."}
{"level":"info","message":"Listening on port 3000..."}
{"level":"info","message":"Connected to mongodb://localhost/vidly_tests..."}
{"level":"info","message":"Listening on port 3000..."}
{"level":"info","message":"Connected to mongodb://localhost/vidly_tests..."}
{"level":"info","message":"Listening on port 3000..."}
{"level":"info","message":"Connected to mongodb://localhost/vidly_tests..."}
{"level":"info","message":"Listening on port 3000..."}
{"level":"info","message":"Connected to mongodb://localhost/vidly_tests..."}
{"level":"info","message":"Listening on port 3000..."}
{"level":"info","message":"Connected to mongodb://localhost/vidly_tests..."}
{"level":"info","message":"Listening on port 3000..."}
{"level":"info","message":"Connected to mongodb://localhost/vidly_tests..."}
{"level":"info","message":"Listening on port 3000..."}
{"level":"info","message":"Connected to mongodb://localhost/vidly_tests..."}
{"level":"info","message":"Listening on port 3000..."}
{"level":"info","message":"Connected to mongodb://localhost/vidly_tests..."}
{"level":"info","message":"Listening on port 3000..."}
{"level":"info","message":"Connected to mongodb://localhost/vidly_tests..."}
{"level":"info","message":"Listening on port 3000..."}
{"level":"info","message":"Connected to mongodb://localhost/vidly_tests..."}
{"level":"info","message":"Listening on port 3000..."}
{"level":"info","message":"Connected to mongodb://localhost/vidly_tests..."}
{"level":"info","message":"Listening on port 3000..."}
{"level":"info","message":"Connected to mongodb://localhost/vidly_tests..."}
{"level":"info","message":"Listening on port 3000..."}
{"level":"info","message":"Connected to mongodb://localhost/vidly_tests..."}
{"level":"info","message":"Listening on port 3000..."}
{"level":"info","message":"Connected to mongodb://localhost/vidly_tests..."}
{"level":"info","message":"Listening on port 3000..."}
{"level":"info","message":"Connected to mongodb://localhost/vidly_tests..."}
{"level":"info","message":"Listening on port 3000..."}
{"level":"info","message":"Connected to mongodb://localhost/vidly_tests..."}
{"level":"info","message":"Listening on port 3000..."}
{"level":"info","message":"Connected to mongodb://localhost/vidly_tests..."}
{"level":"info","message":"Listening on port 3000..."}
{"level":"info","message":"Connected to mongodb://localhost/vidly_tests..."}
{"level":"info","message":"Listening on port 3000..."}
{"level":"info","message":"Connected to mongodb://localhost/vidly_tests..."}
{"level":"info","message":"Listening on port 3000..."}
{"level":"info","message":"Connected to mongodb://localhost/vidly_tests..."}
{"level":"info","message":"Listening on port 3000..."}
{"level":"info","message":"Connected to mongodb://localhost/vidly_tests..."}
{"level":"info","message":"Listening on port 3000..."}
{"level":"info","message":"Connected to mongodb://localhost/vidly_tests..."}
{"level":"info","message":"Listening on port 3000..."}
{"level":"info","message":"Connected to mongodb://localhost/vidly_tests..."}
{"level":"info","message":"Listening on port 3000..."}
{"level":"info","message":"Connected to mongodb://localhost/vidly_tests..."}
{"level":"info","message":"Listening on port 3000..."}
{"level":"info","message":"Connected to mongodb://localhost/vidly_tests..."}
{"level":"info","message":"Listening on port 3000..."}
{"level":"info","message":"Connected to mongodb://localhost/vidly_tests..."}
{"level":"info","message":"Listening on port 3000..."}
{"level":"info","message":"Connected to mongodb://localhost/vidly_tests..."}
{"level":"info","message":"Listening on port 3000..."}
{"level":"info","message":"Connected to mongodb://localhost/vidly_tests..."}
{"level":"info","message":"Listening on port 3000..."}
{"level":"info","message":"Connected to mongodb://localhost/vidly_tests..."}
{"kind":"ObjectId","level":"error","message":"Cast to ObjectId failed for value \"1\" (type string) at path \"_id\" for model \"Genre\" Cast to ObjectId failed for value \"1\" (type string) at path \"_id\" for model \"Genre\"","path":"_id","reason":{},"stack":"CastError: Cast to ObjectId failed for value \"1\" (type string) at path \"_id\" for model \"Genre\"\n    at SchemaObjectId.cast (C:\\Users\\sonya\\OneDrive\\Desktop\\CreateWithCode\\Node\\vidly-project\\node_modules\\mongoose\\lib\\schema\\objectId.js:251:11)\n    at SchemaObjectId.SchemaType.applySetters (C:\\Users\\sonya\\OneDrive\\Desktop\\CreateWithCode\\Node\\vidly-project\\node_modules\\mongoose\\lib\\schemaType.js:1255:12)\n    at SchemaObjectId.SchemaType.castForQuery (C:\\Users\\sonya\\OneDrive\\Desktop\\CreateWithCode\\Node\\vidly-project\\node_modules\\mongoose\\lib\\schemaType.js:1673:17)\n    at cast (C:\\Users\\sonya\\OneDrive\\Desktop\\CreateWithCode\\Node\\vidly-project\\node_modules\\mongoose\\lib\\cast.js:390:32)\n    at model.Query.Query.cast (C:\\Users\\sonya\\OneDrive\\Desktop\\CreateWithCode\\Node\\vidly-project\\node_modules\\mongoose\\lib\\query.js:5055:12)\n    at model.Query.Query._castConditions (C:\\Users\\sonya\\OneDrive\\Desktop\\CreateWithCode\\Node\\vidly-project\\node_modules\\mongoose\\lib\\query.js:2351:10)\n    at model.Query._findOne (C:\\Users\\sonya\\OneDrive\\Desktop\\CreateWithCode\\Node\\vidly-project\\node_modules\\mongoose\\lib\\query.js:2674:8)\n    at model.Query.exec (C:\\Users\\sonya\\OneDrive\\Desktop\\CreateWithCode\\Node\\vidly-project\\node_modules\\mongoose\\lib\\query.js:4604:80)\n    at processTicksAndRejections (node:internal/process/task_queues:105:5)\n    at C:\\Users\\sonya\\OneDrive\\Desktop\\CreateWithCode\\Node\\vidly-project\\routes\\genres.js:41:19","stringValue":"\"1\"","value":"1","valueType":"string"}
{"level":"info","message":"Listening on port 3000..."}
{"level":"info","message":"Connected to mongodb://localhost/vidly_tests..."}
{"level":"error","message":"mongoose is not defined mongoose is not defined","stack":"ReferenceError: mongoose is not defined\n    at C:\\Users\\sonya\\OneDrive\\Desktop\\CreateWithCode\\Node\\vidly-project\\routes\\genres.js:41:3\n    at Layer.handleRequest (C:\\Users\\sonya\\OneDrive\\Desktop\\CreateWithCode\\Node\\vidly-project\\node_modules\\router\\lib\\layer.js:152:17)\n    at next (C:\\Users\\sonya\\OneDrive\\Desktop\\CreateWithCode\\Node\\vidly-project\\node_modules\\router\\lib\\route.js:157:13)\n    at Route.dispatch (C:\\Users\\sonya\\OneDrive\\Desktop\\CreateWithCode\\Node\\vidly-project\\node_modules\\router\\lib\\route.js:117:3)\n    at handle (C:\\Users\\sonya\\OneDrive\\Desktop\\CreateWithCode\\Node\\vidly-project\\node_modules\\router\\index.js:435:11)\n    at Layer.handleRequest (C:\\Users\\sonya\\OneDrive\\Desktop\\CreateWithCode\\Node\\vidly-project\\node_modules\\router\\lib\\layer.js:152:17)\n    at C:\\Users\\sonya\\OneDrive\\Desktop\\CreateWithCode\\Node\\vidly-project\\node_modules\\router\\index.js:295:15\n    at param (C:\\Users\\sonya\\OneDrive\\Desktop\\CreateWithCode\\Node\\vidly-project\\node_modules\\router\\index.js:600:14)\n    at param (C:\\Users\\sonya\\OneDrive\\Desktop\\CreateWithCode\\Node\\vidly-project\\node_modules\\router\\index.js:610:14)\n    at processParams (C:\\Users\\sonya\\OneDrive\\Desktop\\CreateWithCode\\Node\\vidly-project\\node_modules\\router\\index.js:664:3)\n    at next (C:\\Users\\sonya\\OneDrive\\Desktop\\CreateWithCode\\Node\\vidly-project\\node_modules\\router\\index.js:291:5)\n    at Function.handle (C:\\Users\\sonya\\OneDrive\\Desktop\\CreateWithCode\\Node\\vidly-project\\node_modules\\router\\index.js:186:3)\n    at router (C:\\Users\\sonya\\OneDrive\\Desktop\\CreateWithCode\\Node\\vidly-project\\node_modules\\router\\index.js:60:12)\n    at Layer.handleRequest (C:\\Users\\sonya\\OneDrive\\Desktop\\CreateWithCode\\Node\\vidly-project\\node_modules\\router\\lib\\layer.js:152:17)\n    at trimPrefix (C:\\Users\\sonya\\OneDrive\\Desktop\\CreateWithCode\\Node\\vidly-project\\node_modules\\router\\index.js:342:13)\n    at C:\\Users\\sonya\\OneDrive\\Desktop\\CreateWithCode\\Node\\vidly-project\\node_modules\\router\\index.js:297:9\n    at processParams (C:\\Users\\sonya\\OneDrive\\Desktop\\CreateWithCode\\Node\\vidly-project\\node_modules\\router\\index.js:582:12)\n    at next (C:\\Users\\sonya\\OneDrive\\Desktop\\CreateWithCode\\Node\\vidly-project\\node_modules\\router\\index.js:291:5)\n    at jsonParser (C:\\Users\\sonya\\OneDrive\\Desktop\\CreateWithCode\\Node\\vidly-project\\node_modules\\body-parser\\lib\\types\\json.js:100:7)\n    at Layer.handleRequest (C:\\Users\\sonya\\OneDrive\\Desktop\\CreateWithCode\\Node\\vidly-project\\node_modules\\router\\lib\\layer.js:152:17)\n    at trimPrefix (C:\\Users\\sonya\\OneDrive\\Desktop\\CreateWithCode\\Node\\vidly-project\\node_modules\\router\\index.js:342:13)\n    at C:\\Users\\sonya\\OneDrive\\Desktop\\CreateWithCode\\Node\\vidly-project\\node_modules\\router\\index.js:297:9\n    at processParams (C:\\Users\\sonya\\OneDrive\\Desktop\\CreateWithCode\\Node\\vidly-project\\node_modules\\router\\index.js:582:12)\n    at next (C:\\Users\\sonya\\OneDrive\\Desktop\\CreateWithCode\\Node\\vidly-project\\node_modules\\router\\index.js:291:5)\n    at Function.handle (C:\\Users\\sonya\\OneDrive\\Desktop\\CreateWithCode\\Node\\vidly-project\\node_modules\\router\\index.js:186:3)\n    at Function.handle (C:\\Users\\sonya\\OneDrive\\Desktop\\CreateWithCode\\Node\\vidly-project\\node_modules\\express\\lib\\application.js:177:15)\n    at Server.app (C:\\Users\\sonya\\OneDrive\\Desktop\\CreateWithCode\\Node\\vidly-project\\node_modules\\express\\lib\\express.js:38:9)\n    at Server.emit (node:events:518:28)\n    at parserOnIncoming (node:_http_server:1153:12)\n    at HTTPParser.parserOnHeadersComplete (node:_http_common:117:17)"}
{"level":"error","message":"mongoose is not defined mongoose is not defined","stack":"ReferenceError: mongoose is not defined\n    at C:\\Users\\sonya\\OneDrive\\Desktop\\CreateWithCode\\Node\\vidly-project\\routes\\genres.js:41:3\n    at Layer.handleRequest (C:\\Users\\sonya\\OneDrive\\Desktop\\CreateWithCode\\Node\\vidly-project\\node_modules\\router\\lib\\layer.js:152:17)\n    at next (C:\\Users\\sonya\\OneDrive\\Desktop\\CreateWithCode\\Node\\vidly-project\\node_modules\\router\\lib\\route.js:157:13)\n    at Route.dispatch (C:\\Users\\sonya\\OneDrive\\Desktop\\CreateWithCode\\Node\\vidly-project\\node_modules\\router\\lib\\route.js:117:3)\n    at handle (C:\\Users\\sonya\\OneDrive\\Desktop\\CreateWithCode\\Node\\vidly-project\\node_modules\\router\\index.js:435:11)\n    at Layer.handleRequest (C:\\Users\\sonya\\OneDrive\\Desktop\\CreateWithCode\\Node\\vidly-project\\node_modules\\router\\lib\\layer.js:152:17)\n    at C:\\Users\\sonya\\OneDrive\\Desktop\\CreateWithCode\\Node\\vidly-project\\node_modules\\router\\index.js:295:15\n    at param (C:\\Users\\sonya\\OneDrive\\Desktop\\CreateWithCode\\Node\\vidly-project\\node_modules\\router\\index.js:600:14)\n    at param (C:\\Users\\sonya\\OneDrive\\Desktop\\CreateWithCode\\Node\\vidly-project\\node_modules\\router\\index.js:610:14)\n    at processParams (C:\\Users\\sonya\\OneDrive\\Desktop\\CreateWithCode\\Node\\vidly-project\\node_modules\\router\\index.js:664:3)\n    at next (C:\\Users\\sonya\\OneDrive\\Desktop\\CreateWithCode\\Node\\vidly-project\\node_modules\\router\\index.js:291:5)\n    at Function.handle (C:\\Users\\sonya\\OneDrive\\Desktop\\CreateWithCode\\Node\\vidly-project\\node_modules\\router\\index.js:186:3)\n    at router (C:\\Users\\sonya\\OneDrive\\Desktop\\CreateWithCode\\Node\\vidly-project\\node_modules\\router\\index.js:60:12)\n    at Layer.handleRequest (C:\\Users\\sonya\\OneDrive\\Desktop\\CreateWithCode\\Node\\vidly-project\\node_modules\\router\\lib\\layer.js:152:17)\n    at trimPrefix (C:\\Users\\sonya\\OneDrive\\Desktop\\CreateWithCode\\Node\\vidly-project\\node_modules\\router\\index.js:342:13)\n    at C:\\Users\\sonya\\OneDrive\\Desktop\\CreateWithCode\\Node\\vidly-project\\node_modules\\router\\index.js:297:9\n    at processParams (C:\\Users\\sonya\\OneDrive\\Desktop\\CreateWithCode\\Node\\vidly-project\\node_modules\\router\\index.js:582:12)\n    at next (C:\\Users\\sonya\\OneDrive\\Desktop\\CreateWithCode\\Node\\vidly-project\\node_modules\\router\\index.js:291:5)\n    at jsonParser (C:\\Users\\sonya\\OneDrive\\Desktop\\CreateWithCode\\Node\\vidly-project\\node_modules\\body-parser\\lib\\types\\json.js:100:7)\n    at Layer.handleRequest (C:\\Users\\sonya\\OneDrive\\Desktop\\CreateWithCode\\Node\\vidly-project\\node_modules\\router\\lib\\layer.js:152:17)\n    at trimPrefix (C:\\Users\\sonya\\OneDrive\\Desktop\\CreateWithCode\\Node\\vidly-project\\node_modules\\router\\index.js:342:13)\n    at C:\\Users\\sonya\\OneDrive\\Desktop\\CreateWithCode\\Node\\vidly-project\\node_modules\\router\\index.js:297:9\n    at processParams (C:\\Users\\sonya\\OneDrive\\Desktop\\CreateWithCode\\Node\\vidly-project\\node_modules\\router\\index.js:582:12)\n    at next (C:\\Users\\sonya\\OneDrive\\Desktop\\CreateWithCode\\Node\\vidly-project\\node_modules\\router\\index.js:291:5)\n    at Function.handle (C:\\Users\\sonya\\OneDrive\\Desktop\\CreateWithCode\\Node\\vidly-project\\node_modules\\router\\index.js:186:3)\n    at Function.handle (C:\\Users\\sonya\\OneDrive\\Desktop\\CreateWithCode\\Node\\vidly-project\\node_modules\\express\\lib\\application.js:177:15)\n    at Server.app (C:\\Users\\sonya\\OneDrive\\Desktop\\CreateWithCode\\Node\\vidly-project\\node_modules\\express\\lib\\express.js:38:9)\n    at Server.emit (node:events:518:28)\n    at parserOnIncoming (node:_http_server:1153:12)\n    at HTTPParser.parserOnHeadersComplete (node:_http_common:117:17)"}
{"level":"info","message":"Listening on port 3000..."}
{"level":"info","message":"Connected to mongodb://localhost/vidly_tests..."}
{"level":"info","message":"Listening on port 3000..."}
{"level":"info","message":"Connected to mongodb://localhost/vidly_tests..."}
{"level":"info","message":"Listening on port 3000..."}
{"level":"info","message":"Connected to mongodb://localhost/vidly_tests..."}
{"level":"info","message":"Listening on port 3000..."}
{"level":"info","message":"Connected to mongodb://localhost/vidly_tests..."}
{"level":"info","message":"Listening on port 3000..."}
{"level":"info","message":"Connected to mongodb://localhost/vidly_tests..."}
{"kind":"ObjectId","level":"error","message":"Cast to ObjectId failed for value \"1\" (type string) at path \"_id\" for model \"Genre\" Cast to ObjectId failed for value \"1\" (type string) at path \"_id\" for model \"Genre\"","path":"_id","reason":{},"stack":"CastError: Cast to ObjectId failed for value \"1\" (type string) at path \"_id\" for model \"Genre\"\n    at SchemaObjectId.cast (C:\\Users\\sonya\\OneDrive\\Desktop\\CreateWithCode\\Node\\vidly-project\\node_modules\\mongoose\\lib\\schema\\objectId.js:251:11)\n    at SchemaObjectId.SchemaType.applySetters (C:\\Users\\sonya\\OneDrive\\Desktop\\CreateWithCode\\Node\\vidly-project\\node_modules\\mongoose\\lib\\schemaType.js:1255:12)\n    at SchemaObjectId.SchemaType.castForQuery (C:\\Users\\sonya\\OneDrive\\Desktop\\CreateWithCode\\Node\\vidly-project\\node_modules\\mongoose\\lib\\schemaType.js:1673:17)\n    at cast (C:\\Users\\sonya\\OneDrive\\Desktop\\CreateWithCode\\Node\\vidly-project\\node_modules\\mongoose\\lib\\cast.js:390:32)\n    at model.Query.Query.cast (C:\\Users\\sonya\\OneDrive\\Desktop\\CreateWithCode\\Node\\vidly-project\\node_modules\\mongoose\\lib\\query.js:5055:12)\n    at model.Query.Query._castConditions (C:\\Users\\sonya\\OneDrive\\Desktop\\CreateWithCode\\Node\\vidly-project\\node_modules\\mongoose\\lib\\query.js:2351:10)\n    at model.Query._findOne (C:\\Users\\sonya\\OneDrive\\Desktop\\CreateWithCode\\Node\\vidly-project\\node_modules\\mongoose\\lib\\query.js:2674:8)\n    at model.Query.exec (C:\\Users\\sonya\\OneDrive\\Desktop\\CreateWithCode\\Node\\vidly-project\\node_modules\\mongoose\\lib\\query.js:4604:80)\n    at processTicksAndRejections (node:internal/process/task_queues:105:5)\n    at C:\\Users\\sonya\\OneDrive\\Desktop\\CreateWithCode\\Node\\vidly-project\\routes\\genres.js:42:17","stringValue":"\"1\"","value":"1","valueType":"string"}
{"level":"info","message":"Listening on port 3000..."}
{"level":"info","message":"Connected to mongodb://localhost/vidly_tests..."}
{"kind":"ObjectId","level":"error","message":"Cast to ObjectId failed for value \"1\" (type string) at path \"_id\" for model \"Genre\" Cast to ObjectId failed for value \"1\" (type string) at path \"_id\" for model \"Genre\"","path":"_id","reason":{},"stack":"CastError: Cast to ObjectId failed for value \"1\" (type string) at path \"_id\" for model \"Genre\"\n    at SchemaObjectId.cast (C:\\Users\\sonya\\OneDrive\\Desktop\\CreateWithCode\\Node\\vidly-project\\node_modules\\mongoose\\lib\\schema\\objectId.js:251:11)\n    at SchemaObjectId.SchemaType.applySetters (C:\\Users\\sonya\\OneDrive\\Desktop\\CreateWithCode\\Node\\vidly-project\\node_modules\\mongoose\\lib\\schemaType.js:1255:12)\n    at SchemaObjectId.SchemaType.castForQuery (C:\\Users\\sonya\\OneDrive\\Desktop\\CreateWithCode\\Node\\vidly-project\\node_modules\\mongoose\\lib\\schemaType.js:1673:17)\n    at cast (C:\\Users\\sonya\\OneDrive\\Desktop\\CreateWithCode\\Node\\vidly-project\\node_modules\\mongoose\\lib\\cast.js:390:32)\n    at model.Query.Query.cast (C:\\Users\\sonya\\OneDrive\\Desktop\\CreateWithCode\\Node\\vidly-project\\node_modules\\mongoose\\lib\\query.js:5055:12)\n    at model.Query.Query._castConditions (C:\\Users\\sonya\\OneDrive\\Desktop\\CreateWithCode\\Node\\vidly-project\\node_modules\\mongoose\\lib\\query.js:2351:10)\n    at model.Query._findOne (C:\\Users\\sonya\\OneDrive\\Desktop\\CreateWithCode\\Node\\vidly-project\\node_modules\\mongoose\\lib\\query.js:2674:8)\n    at model.Query.exec (C:\\Users\\sonya\\OneDrive\\Desktop\\CreateWithCode\\Node\\vidly-project\\node_modules\\mongoose\\lib\\query.js:4604:80)\n    at processTicksAndRejections (node:internal/process/task_queues:105:5)\n    at C:\\Users\\sonya\\OneDrive\\Desktop\\CreateWithCode\\Node\\vidly-project\\routes\\genres.js:42:17","stringValue":"\"1\"","value":"1","valueType":"string"}
{"level":"info","message":"Listening on port 3000..."}
{"level":"info","message":"Connected to mongodb://localhost/vidly_tests..."}
{"level":"info","message":"Listening on port 3000..."}
{"level":"info","message":"Connected to mongodb://localhost/vidly_tests..."}
{"level":"info","message":"Listening on port 3000..."}
{"level":"info","message":"Connected to mongodb://localhost/vidly_tests..."}
{"level":"info","message":"Listening on port 3000..."}
{"level":"info","message":"Connected to mongodb://localhost/vidly_tests..."}
{"level":"info","message":"Listening on port 3000..."}
{"level":"info","message":"Connected to mongodb://localhost/vidly_tests..."}
{"level":"info","message":"Listening on port 3000..."}
{"level":"info","message":"Connected to mongodb://localhost/vidly_tests..."}
{"_message":"Genre validation failed","errors":{"name":{"kind":"minlength","message":"Path `name` (`1234`) is shorter than the minimum allowed length (5).","name":"ValidatorError","path":"name","properties":{"message":"Path `name` (`1234`) is shorter than the minimum allowed length (5).","minlength":5,"path":"name","type":"minlength","value":"1234"},"value":"1234"}},"level":"error","message":"Genre validation failed: name: Path `name` (`1234`) is shorter than the minimum allowed length (5). Genre validation failed: name: Path `name` (`1234`) is shorter than the minimum allowed length (5).","stack":"ValidationError: Genre validation failed: name: Path `name` (`1234`) is shorter than the minimum allowed length (5).\n    at model.Document.invalidate (C:\\Users\\sonya\\OneDrive\\Desktop\\CreateWithCode\\Node\\vidly-project\\node_modules\\mongoose\\lib\\document.js:3352:32)\n    at C:\\Users\\sonya\\OneDrive\\Desktop\\CreateWithCode\\Node\\vidly-project\\node_modules\\mongoose\\lib\\document.js:3113:17\n    at C:\\Users\\sonya\\OneDrive\\Desktop\\CreateWithCode\\Node\\vidly-project\\node_modules\\mongoose\\lib\\schemaType.js:1407:9\n    at processTicksAndRejections (node:internal/process/task_queues:85:11)"}
{"level":"info","message":"Listening on port 3000..."}
{"level":"info","message":"Connected to mongodb://localhost/vidly_tests..."}
{"level":"info","message":"Listening on port 3000..."}
{"level":"info","message":"Connected to mongodb://localhost/vidly_tests..."}
{"_message":"Genre validation failed","errors":{"name":{"kind":"maxlength","message":"Path `name` (`aaaaaaaaaaaaaaaaaaaaaaaaaaaaaaaaaaaaaaaaaaaaaaaaaaa`) is longer than the maximum allowed length (50).","name":"ValidatorError","path":"name","properties":{"maxlength":50,"message":"Path `name` (`aaaaaaaaaaaaaaaaaaaaaaaaaaaaaaaaaaaaaaaaaaaaaaaaaaa`) is longer than the maximum allowed length (50).","path":"name","type":"maxlength","value":"aaaaaaaaaaaaaaaaaaaaaaaaaaaaaaaaaaaaaaaaaaaaaaaaaaa"},"value":"aaaaaaaaaaaaaaaaaaaaaaaaaaaaaaaaaaaaaaaaaaaaaaaaaaa"}},"level":"error","message":"Genre validation failed: name: Path `name` (`aaaaaaaaaaaaaaaaaaaaaaaaaaaaaaaaaaaaaaaaaaaaaaaaaaa`) is longer than the maximum allowed length (50). Genre validation failed: name: Path `name` (`aaaaaaaaaaaaaaaaaaaaaaaaaaaaaaaaaaaaaaaaaaaaaaaaaaa`) is longer than the maximum allowed length (50).","stack":"ValidationError: Genre validation failed: name: Path `name` (`aaaaaaaaaaaaaaaaaaaaaaaaaaaaaaaaaaaaaaaaaaaaaaaaaaa`) is longer than the maximum allowed length (50).\n    at model.Document.invalidate (C:\\Users\\sonya\\OneDrive\\Desktop\\CreateWithCode\\Node\\vidly-project\\node_modules\\mongoose\\lib\\document.js:3352:32)\n    at C:\\Users\\sonya\\OneDrive\\Desktop\\CreateWithCode\\Node\\vidly-project\\node_modules\\mongoose\\lib\\document.js:3113:17\n    at C:\\Users\\sonya\\OneDrive\\Desktop\\CreateWithCode\\Node\\vidly-project\\node_modules\\mongoose\\lib\\schemaType.js:1407:9\n    at processTicksAndRejections (node:internal/process/task_queues:85:11)"}
{"level":"info","message":"Listening on port 3000..."}
{"level":"info","message":"Connected to mongodb://localhost/vidly_tests..."}
{"level":"info","message":"Listening on port 3000..."}
{"level":"info","message":"Connected to mongodb://localhost/vidly_tests..."}
{"level":"info","message":"Listening on port 3000..."}
{"level":"info","message":"Connected to mongodb://localhost/vidly_tests..."}
{"level":"info","message":"Listening on port 3000..."}
{"level":"info","message":"Connected to mongodb://localhost/vidly_tests..."}
{"level":"info","message":"Listening on port 3000..."}
{"level":"info","message":"Connected to mongodb://localhost/vidly_tests..."}
{"level":"info","message":"Listening on port 3000..."}
{"level":"info","message":"Connected to mongodb://localhost/vidly_tests..."}
{"level":"info","message":"Listening on port 3000..."}
{"level":"info","message":"Connected to mongodb://localhost/vidly_tests..."}
{"level":"info","message":"Listening on port 3000..."}
{"level":"info","message":"Connected to mongodb://localhost/vidly_tests..."}
{"level":"info","message":"Listening on port 3000..."}
{"level":"info","message":"Connected to mongodb://localhost/vidly_tests..."}
{"level":"info","message":"Listening on port 3000..."}
{"level":"info","message":"Connected to mongodb://localhost/vidly_tests..."}
{"level":"info","message":"Listening on port 3000..."}
{"level":"info","message":"Connected to mongodb://localhost/vidly_tests..."}
{"level":"info","message":"Listening on port 3000..."}
{"level":"info","message":"Connected to mongodb://localhost/vidly_tests..."}
{"level":"info","message":"Listening on port 3000..."}
{"level":"info","message":"Connected to mongodb://localhost/vidly_tests..."}
{"level":"info","message":"Listening on port 3000..."}
{"level":"info","message":"Connected to mongodb://localhost/vidly_tests..."}
{"level":"info","message":"Listening on port 3000..."}
{"level":"info","message":"Connected to mongodb://localhost/vidly_tests..."}
{"level":"info","message":"Listening on port 3000..."}
{"level":"info","message":"Connected to mongodb://localhost/vidly_tests..."}
{"level":"info","message":"Listening on port 3000..."}
{"level":"info","message":"Connected to mongodb://localhost/vidly_tests..."}
{"level":"info","message":"Listening on port 3000..."}
{"level":"info","message":"Connected to mongodb://localhost/vidly_tests..."}
{"level":"info","message":"Listening on port 3000..."}
{"level":"info","message":"Connected to mongodb://localhost/vidly_tests..."}
{"level":"info","message":"Listening on port 3000..."}
{"level":"info","message":"Connected to mongodb://localhost/vidly_tests..."}
{"level":"info","message":"Listening on port 3000..."}
{"level":"info","message":"Connected to mongodb://localhost/vidly_tests..."}
{"level":"info","message":"Listening on port 3000..."}
{"level":"info","message":"Connected to mongodb://localhost/vidly_tests..."}
{"level":"info","message":"Listening on port 3000..."}
{"level":"info","message":"Connected to mongodb://localhost/vidly_tests..."}
{"level":"info","message":"Listening on port 3000..."}
{"level":"info","message":"Connected to mongodb://localhost/vidly_tests..."}
{"level":"info","message":"Listening on port 3000..."}
{"level":"info","message":"Connected to mongodb://localhost/vidly_tests..."}
{"level":"info","message":"Listening on port 3000..."}
{"level":"info","message":"Connected to mongodb://localhost/vidly_tests..."}
{"level":"info","message":"Listening on port 3000..."}
{"level":"info","message":"Listening on port 3000..."}
{"level":"info","message":"Connected to mongodb://localhost/vidly_tests..."}
{"level":"info","message":"Connected to mongodb://localhost/vidly_tests..."}
{"level":"info","message":"Listening on port 3000..."}
{"level":"info","message":"Listening on port 3000..."}
{"level":"info","message":"Connected to mongodb://localhost/vidly_tests..."}
{"level":"info","message":"Connected to mongodb://localhost/vidly_tests..."}
{"level":"info","message":"Listening on port 3000..."}
{"level":"info","message":"Listening on port 3000..."}
{"level":"info","message":"Connected to mongodb://localhost/vidly_tests..."}
{"level":"info","message":"Connected to mongodb://localhost/vidly_tests..."}
{"level":"info","message":"Listening on port 3000..."}
{"level":"info","message":"Listening on port 3000..."}
{"level":"info","message":"Connected to mongodb://localhost/vidly_tests..."}
{"level":"info","message":"Connected to mongodb://localhost/vidly_tests..."}
{"level":"info","message":"Listening on port 3000..."}
{"level":"info","message":"Connected to mongodb://localhost/vidly_tests..."}
{"level":"info","message":"Listening on port 3000..."}
{"level":"info","message":"Connected to mongodb://localhost/vidly_tests..."}
{"level":"info","message":"Listening on port 3000..."}
{"level":"info","message":"Listening on port 3000..."}
{"level":"info","message":"Connected to mongodb://localhost/vidly_tests..."}
{"level":"info","message":"Connected to mongodb://localhost/vidly_tests..."}
{"level":"info","message":"Listening on port 3000..."}
{"level":"info","message":"Listening on port 3000..."}
{"level":"info","message":"Connected to mongodb://localhost/vidly_tests..."}
{"level":"info","message":"Connected to mongodb://localhost/vidly_tests..."}
{"level":"info","message":"Listening on port 3000..."}
{"level":"info","message":"Connected to mongodb://localhost/vidly_tests..."}
{"level":"info","message":"Listening on port 3000..."}
{"level":"info","message":"Connected to mongodb://localhost/vidly_tests..."}
{"level":"info","message":"Listening on port 3000..."}
{"level":"info","message":"Connected to mongodb://localhost/vidly_tests..."}
{"level":"info","message":"Listening on port 3000..."}
{"level":"info","message":"Connected to mongodb://localhost/vidly_tests..."}
{"level":"info","message":"Listening on port 3000..."}
{"level":"info","message":"Listening on port 3000..."}
{"level":"info","message":"Connected to mongodb://localhost/vidly_tests..."}
{"level":"info","message":"Connected to mongodb://localhost/vidly_tests..."}
